mode: set
example.com/user-management/internal/handler/user.go:21.66,25.2 1 1
example.com/user-management/internal/handler/user.go:27.80,32.16 3 1
example.com/user-management/internal/handler/user.go:32.16,35.3 2 0
example.com/user-management/internal/handler/user.go:37.2,38.16 2 1
example.com/user-management/internal/handler/user.go:38.16,41.3 2 1
example.com/user-management/internal/handler/user.go:43.2,46.16 3 1
example.com/user-management/internal/handler/user.go:46.16,49.3 2 0
example.com/user-management/internal/handler/user.go:51.2,60.16 5 1
example.com/user-management/internal/handler/user.go:60.16,63.3 2 0
example.com/user-management/internal/handler/user.go:66.81,69.16 2 1
example.com/user-management/internal/handler/user.go:69.16,72.3 2 0
example.com/user-management/internal/handler/user.go:74.2,78.16 4 1
example.com/user-management/internal/handler/user.go:78.16,81.3 2 0
example.com/user-management/internal/handler/user.go:84.81,87.16 3 1
example.com/user-management/internal/handler/user.go:87.16,90.3 2 1
example.com/user-management/internal/handler/user.go:91.2,93.16 2 1
example.com/user-management/internal/handler/user.go:93.16,96.3 2 0
example.com/user-management/internal/handler/user.go:98.2,98.9 1 1
example.com/user-management/internal/handler/user.go:98.9,101.3 2 1
example.com/user-management/internal/handler/user.go:103.2,107.16 4 1
example.com/user-management/internal/handler/user.go:107.16,110.3 2 0
example.com/user-management/internal/handler/user.go:114.80,117.16 3 1
example.com/user-management/internal/handler/user.go:117.16,120.3 2 0
example.com/user-management/internal/handler/user.go:122.2,125.16 3 1
example.com/user-management/internal/handler/user.go:125.16,128.3 2 0
example.com/user-management/internal/handler/user.go:130.2,131.16 2 1
example.com/user-management/internal/handler/user.go:131.16,134.3 2 1
example.com/user-management/internal/handler/user.go:136.2,138.16 2 1
example.com/user-management/internal/handler/user.go:138.16,141.3 2 0
example.com/user-management/internal/handler/user.go:143.2,143.9 1 1
example.com/user-management/internal/handler/user.go:143.9,146.3 2 1
example.com/user-management/internal/handler/user.go:148.2,151.16 3 1
example.com/user-management/internal/handler/user.go:151.16,154.3 2 0
example.com/user-management/internal/handler/user.go:156.2,165.16 5 1
example.com/user-management/internal/handler/user.go:165.16,168.3 2 0
example.com/user-management/internal/handler/user.go:171.80,174.16 3 1
example.com/user-management/internal/handler/user.go:174.16,177.3 2 1
example.com/user-management/internal/handler/user.go:179.2,181.16 2 1
example.com/user-management/internal/handler/user.go:181.16,184.3 2 0
example.com/user-management/internal/handler/user.go:186.2,186.9 1 1
example.com/user-management/internal/handler/user.go:186.9,189.3 2 1
example.com/user-management/internal/handler/user.go:191.2,199.16 5 1
example.com/user-management/internal/handler/user.go:199.16,202.3 2 0
example.com/user-management/internal/store/user.go:25.46,29.2 1 1
example.com/user-management/internal/store/user.go:31.73,33.23 1 1
example.com/user-management/internal/store/user.go:33.23,35.3 1 1
example.com/user-management/internal/store/user.go:37.2,51.16 2 1
example.com/user-management/internal/store/user.go:51.16,53.3 1 0
example.com/user-management/internal/store/user.go:55.2,55.44 1 1
example.com/user-management/internal/store/user.go:58.61,61.16 2 1
example.com/user-management/internal/store/user.go:61.16,63.3 1 0
example.com/user-management/internal/store/user.go:65.2,66.28 2 1
example.com/user-management/internal/store/user.go:66.28,68.3 1 1
example.com/user-management/internal/store/user.go:70.2,70.19 1 1
example.com/user-management/internal/store/user.go:73.81,75.16 2 1
example.com/user-management/internal/store/user.go:75.16,76.36 1 1
example.com/user-management/internal/store/user.go:76.36,78.4 1 1
example.com/user-management/internal/store/user.go:79.3,79.34 1 0
example.com/user-management/internal/store/user.go:82.2,82.45 1 1
example.com/user-management/internal/store/user.go:85.97,103.16 2 1
example.com/user-management/internal/store/user.go:103.16,104.36 1 1
example.com/user-management/internal/store/user.go:104.36,106.4 1 1
example.com/user-management/internal/store/user.go:107.3,107.34 1 0
example.com/user-management/internal/store/user.go:110.2,110.45 1 1
example.com/user-management/internal/store/user.go:114.68,116.16 2 1
example.com/user-management/internal/store/user.go:116.16,117.36 1 1
example.com/user-management/internal/store/user.go:117.36,119.4 1 1
example.com/user-management/internal/store/user.go:120.3,120.20 1 0
example.com/user-management/internal/store/user.go:122.2,122.18 1 1
example.com/user-management/internal/store/user.go:125.51,135.2 1 1
example.com/user-management/main.go:10.13,13.16 3 0
example.com/user-management/main.go:13.16,15.3 1 0
example.com/user-management/internal/db/connection.go:10.28,14.16 2 0
example.com/user-management/internal/db/connection.go:14.16,16.3 1 0
example.com/user-management/internal/db/connection.go:18.2,18.34 1 0
example.com/user-management/internal/db/connection.go:18.34,20.3 1 0
example.com/user-management/internal/db/connection.go:22.2,22.11 1 0
example.com/user-management/internal/db/db.go:19.28,21.2 1 0
example.com/user-management/internal/db/db.go:27.47,31.2 1 0
example.com/user-management/internal/db/users.sql.go:38.87,59.2 4 0
example.com/user-management/internal/db/users.sql.go:67.88,72.2 4 0
example.com/user-management/internal/db/users.sql.go:78.68,80.16 2 0
example.com/user-management/internal/db/users.sql.go:80.16,82.3 1 0
example.com/user-management/internal/db/users.sql.go:83.2,85.18 3 0
example.com/user-management/internal/db/users.sql.go:85.18,96.17 2 0
example.com/user-management/internal/db/users.sql.go:96.17,98.4 1 0
example.com/user-management/internal/db/users.sql.go:99.3,99.27 1 0
example.com/user-management/internal/db/users.sql.go:101.2,101.37 1 0
example.com/user-management/internal/db/users.sql.go:101.37,103.3 1 0
example.com/user-management/internal/db/users.sql.go:104.2,104.35 1 0
example.com/user-management/internal/db/users.sql.go:104.35,106.3 1 0
example.com/user-management/internal/db/users.sql.go:107.2,107.19 1 0
example.com/user-management/internal/db/users.sql.go:115.84,129.2 4 0
example.com/user-management/internal/db/users.sql.go:154.87,176.2 4 0
example.com/user-management/internal/mapper/user.go:8.69,17.2 1 0
example.com/user-management/internal/mapper/user.go:19.71,20.26 1 0
example.com/user-management/internal/mapper/user.go:20.26,22.3 1 0
example.com/user-management/internal/mapper/user.go:23.2,23.25 1 0
example.com/user-management/internal/mapper/user.go:23.25,25.3 1 0
example.com/user-management/internal/mapper/user.go:26.2,26.22 1 0
example.com/user-management/internal/mapper/user.go:26.22,28.3 1 0
example.com/user-management/internal/mapper/user.go:29.2,29.22 1 0
example.com/user-management/internal/mapper/user.go:29.22,31.3 1 0
example.com/user-management/internal/mapper/user.go:32.2,32.20 1 0
example.com/user-management/internal/mapper/user.go:32.20,34.3 1 0
example.com/user-management/internal/mapper/user.go:35.2,35.23 1 0
example.com/user-management/internal/mapper/user.go:35.23,37.3 1 0
example.com/user-management/internal/server/server.go:13.25,23.39 7 0
example.com/user-management/internal/server/server.go:23.39,29.3 5 0
example.com/user-management/internal/server/server.go:31.2,31.10 1 0
